<?xml version="1.0" encoding="UTF-8"?><testsuite errors="1" failures="0" name="Visualización de información de clases" skipped="0" tests="1" time="7.98" timestamp="2025-06-05 08:46:32"><testcase name="Ver detalles de una clase programada"><error message="element click intercepted: Element &lt;td data-v-f47b720c=&quot;&quot; class=&quot;scheduled&quot;&gt;...&lt;/td&gt; is not clickable at point (707, 345). Other element would receive the click: &lt;div data-v-f47b720c=&quot;&quot; class=&quot;modal-body&quot;&gt;...&lt;/div&gt;&#10;  (Session info: chrome=137.0.7151.69)&#10;Build info: version: '3.141.59', revision: 'e82be7d358', time: '2018-11-14T08:17:03'&#10;System info: host: 'DESKTOP-PBN9EB6', ip: '192.168.80.12', os.name: 'Windows 10', os.arch: 'amd64', os.version: '10.0', java.version: '15.0.1'&#10;Driver info: org.openqa.selenium.chrome.ChromeDriver&#10;Capabilities {acceptInsecureCerts: false, browserName: chrome, browserVersion: 137.0.7151.69, chrome: {chromedriverVersion: 136.0.7103.94 (fa0be0b33deb..., userDataDir: C:\Users\PC\AppData\Local\T...}, fedcm:accounts: true, goog:chromeOptions: {debuggerAddress: localhost:57452}, javascriptEnabled: true, networkConnectionEnabled: false, pageLoadStrategy: normal, platform: WINDOWS, platformName: WINDOWS, proxy: Proxy(), setWindowRect: true, strictFileInteractability: false, timeouts: {implicit: 0, pageLoad: 300000, script: 30000}, unhandledPromptBehavior: ignore, webauthn:extension:credBlob: true, webauthn:extension:largeBlob: true, webauthn:extension:minPinLength: true, webauthn:extension:prf: true, webauthn:virtualAuthenticators: true}&#10;Session ID: 8bf1f4a89a88e09fc63db64a28a2bbf3" type="org.openqa.selenium.ElementClickInterceptedException">element click intercepted: Element &lt;td data-v-f47b720c="" class="scheduled"&gt;...&lt;/td&gt; is not clickable at point (707, 345). Other element would receive the click: &lt;div data-v-f47b720c="" class="modal-body"&gt;...&lt;/div&gt;
  (Session info: chrome=137.0.7151.69)
Build info: version: '3.141.59', revision: 'e82be7d358', time: '2018-11-14T08:17:03'
System info: host: 'DESKTOP-PBN9EB6', ip: '192.168.80.12', os.name: 'Windows 10', os.arch: 'amd64', os.version: '10.0', java.version: '15.0.1'
Driver info: org.openqa.selenium.chrome.ChromeDriver
Capabilities {acceptInsecureCerts: false, browserName: chrome, browserVersion: 137.0.7151.69, chrome: {chromedriverVersion: 136.0.7103.94 (fa0be0b33deb..., userDataDir: C:\Users\PC\AppData\Local\T...}, fedcm:accounts: true, goog:chromeOptions: {debuggerAddress: localhost:57452}, javascriptEnabled: true, networkConnectionEnabled: false, pageLoadStrategy: normal, platform: WINDOWS, platformName: WINDOWS, proxy: Proxy(), setWindowRect: true, strictFileInteractability: false, timeouts: {implicit: 0, pageLoad: 300000, script: 30000}, unhandledPromptBehavior: ignore, webauthn:extension:credBlob: true, webauthn:extension:largeBlob: true, webauthn:extension:minPinLength: true, webauthn:extension:prf: true, webauthn:virtualAuthenticators: true}
Session ID: 8bf1f4a89a88e09fc63db64a28a2bbf3</error><system-err>element click intercepted: Element &lt;td data-v-f47b720c="" class="scheduled"&gt;...&lt;/td&gt; is not clickable at point (707, 345). Other element would receive the click: &lt;div data-v-f47b720c="" class="modal-body"&gt;...&lt;/div&gt;
  (Session info: chrome=137.0.7151.69)
Build info: version: '3.141.59', revision: 'e82be7d358', time: '2018-11-14T08:17:03'
System info: host: 'DESKTOP-PBN9EB6', ip: '192.168.80.12', os.name: 'Windows 10', os.arch: 'amd64', os.version: '10.0', java.version: '15.0.1'
Driver info: org.openqa.selenium.chrome.ChromeDriver
Capabilities {acceptInsecureCerts: false, browserName: chrome, browserVersion: 137.0.7151.69, chrome: {chromedriverVersion: 136.0.7103.94 (fa0be0b33deb..., userDataDir: C:\Users\PC\AppData\Local\T...}, fedcm:accounts: true, goog:chromeOptions: {debuggerAddress: localhost:57452}, javascriptEnabled: true, networkConnectionEnabled: false, pageLoadStrategy: normal, platform: WINDOWS, platformName: WINDOWS, proxy: Proxy(), setWindowRect: true, strictFileInteractability: false, timeouts: {implicit: 0, pageLoad: 300000, script: 30000}, unhandledPromptBehavior: ignore, webauthn:extension:credBlob: true, webauthn:extension:largeBlob: true, webauthn:extension:minPinLength: true, webauthn:extension:prf: true, webauthn:virtualAuthenticators: true}
Session ID: 8bf1f4a89a88e09fc63db64a28a2bbf3&#13;
co.com.AutomatizacionDancePage.tasks.Hu4Tasks.performAs(Hu4Tasks.java:23)&#13;
co.com.AutomatizacionDancePage.stepsdefinitions.hu4StepDefinitions.elUsuarioSeleccionaUnaFechaConUnaClaseProgramada(hu4StepDefinitions.java:19)&#13;
cucumber.runner.Runner.runPickle(Runner.java:80)&#13;
worker.org.gradle.process.internal.worker.GradleWorkerMain.run(GradleWorkerMain.java:69)&#13;
worker.org.gradle.process.internal.worker.GradleWorkerMain.main(GradleWorkerMain.java:74)&#13;
</system-err></testcase></testsuite>