<?xml version="1.0" encoding="UTF-8"?><testsuite errors="1" failures="0" name="Visualización de información de clases" skipped="0" tests="1" time="14.06" timestamp="2025-06-04 06:22:33"><testcase name="Ver detalles de una clase programada"><error message="element click intercepted: Element &lt;td data-v-f47b720c=&quot;&quot; class=&quot;scheduled&quot;&gt;...&lt;/td&gt; is not clickable at point (685, 377). Other element would receive the click: &lt;div data-v-f47b720c=&quot;&quot; class=&quot;modal-footer&quot;&gt;...&lt;/div&gt;&#10;  (Session info: chrome=137.0.7151.56)&#10;Build info: version: '3.141.59', revision: 'e82be7d358', time: '2018-11-14T08:17:03'&#10;System info: host: 'KMILO', ip: '192.168.137.100', os.name: 'Windows 10', os.arch: 'amd64', os.version: '10.0', java.version: '15.0.1'&#10;Driver info: org.openqa.selenium.chrome.ChromeDriver&#10;Capabilities {acceptInsecureCerts: false, browserName: chrome, browserVersion: 137.0.7151.56, chrome: {chromedriverVersion: 136.0.7103.94 (fa0be0b33deb..., userDataDir: C:\Users\capm7\AppData\Loca...}, fedcm:accounts: true, goog:chromeOptions: {debuggerAddress: localhost:56737}, javascriptEnabled: true, networkConnectionEnabled: false, pageLoadStrategy: normal, platform: WINDOWS, platformName: WINDOWS, proxy: Proxy(), setWindowRect: true, strictFileInteractability: false, timeouts: {implicit: 0, pageLoad: 300000, script: 30000}, unhandledPromptBehavior: ignore, webauthn:extension:credBlob: true, webauthn:extension:largeBlob: true, webauthn:extension:minPinLength: true, webauthn:extension:prf: true, webauthn:virtualAuthenticators: true}&#10;Session ID: ee94446cd1fa4f46dd3898f9562cebc4" type="org.openqa.selenium.ElementClickInterceptedException">element click intercepted: Element &lt;td data-v-f47b720c="" class="scheduled"&gt;...&lt;/td&gt; is not clickable at point (685, 377). Other element would receive the click: &lt;div data-v-f47b720c="" class="modal-footer"&gt;...&lt;/div&gt;
  (Session info: chrome=137.0.7151.56)
Build info: version: '3.141.59', revision: 'e82be7d358', time: '2018-11-14T08:17:03'
System info: host: 'KMILO', ip: '192.168.137.100', os.name: 'Windows 10', os.arch: 'amd64', os.version: '10.0', java.version: '15.0.1'
Driver info: org.openqa.selenium.chrome.ChromeDriver
Capabilities {acceptInsecureCerts: false, browserName: chrome, browserVersion: 137.0.7151.56, chrome: {chromedriverVersion: 136.0.7103.94 (fa0be0b33deb..., userDataDir: C:\Users\capm7\AppData\Loca...}, fedcm:accounts: true, goog:chromeOptions: {debuggerAddress: localhost:56737}, javascriptEnabled: true, networkConnectionEnabled: false, pageLoadStrategy: normal, platform: WINDOWS, platformName: WINDOWS, proxy: Proxy(), setWindowRect: true, strictFileInteractability: false, timeouts: {implicit: 0, pageLoad: 300000, script: 30000}, unhandledPromptBehavior: ignore, webauthn:extension:credBlob: true, webauthn:extension:largeBlob: true, webauthn:extension:minPinLength: true, webauthn:extension:prf: true, webauthn:virtualAuthenticators: true}
Session ID: ee94446cd1fa4f46dd3898f9562cebc4</error><system-err>element click intercepted: Element &lt;td data-v-f47b720c="" class="scheduled"&gt;...&lt;/td&gt; is not clickable at point (685, 377). Other element would receive the click: &lt;div data-v-f47b720c="" class="modal-footer"&gt;...&lt;/div&gt;
  (Session info: chrome=137.0.7151.56)
Build info: version: '3.141.59', revision: 'e82be7d358', time: '2018-11-14T08:17:03'
System info: host: 'KMILO', ip: '192.168.137.100', os.name: 'Windows 10', os.arch: 'amd64', os.version: '10.0', java.version: '15.0.1'
Driver info: org.openqa.selenium.chrome.ChromeDriver
Capabilities {acceptInsecureCerts: false, browserName: chrome, browserVersion: 137.0.7151.56, chrome: {chromedriverVersion: 136.0.7103.94 (fa0be0b33deb..., userDataDir: C:\Users\capm7\AppData\Loca...}, fedcm:accounts: true, goog:chromeOptions: {debuggerAddress: localhost:56737}, javascriptEnabled: true, networkConnectionEnabled: false, pageLoadStrategy: normal, platform: WINDOWS, platformName: WINDOWS, proxy: Proxy(), setWindowRect: true, strictFileInteractability: false, timeouts: {implicit: 0, pageLoad: 300000, script: 30000}, unhandledPromptBehavior: ignore, webauthn:extension:credBlob: true, webauthn:extension:largeBlob: true, webauthn:extension:minPinLength: true, webauthn:extension:prf: true, webauthn:virtualAuthenticators: true}
Session ID: ee94446cd1fa4f46dd3898f9562cebc4&#13;
co.com.AutomatizacionDancePage.tasks.Hu4Tasks.performAs(Hu4Tasks.java:21)&#13;
co.com.AutomatizacionDancePage.stepsdefinitions.hu4StepDefinitions.elUsuarioSeleccionaUnaFechaConUnaClaseProgramada(hu4StepDefinitions.java:18)&#13;
cucumber.runner.Runner.runPickle(Runner.java:80)&#13;
worker.org.gradle.process.internal.worker.GradleWorkerMain.run(GradleWorkerMain.java:69)&#13;
worker.org.gradle.process.internal.worker.GradleWorkerMain.main(GradleWorkerMain.java:74)&#13;
</system-err></testcase></testsuite>