<?xml version="1.0" encoding="UTF-8"?>
<testsuite name="Visualización de información de clases" tests="1" skipped="0" failures="0" errors="0" timestamp="2025-06-09T22:24:50" hostname="KMILO" time="14.856">
  <properties/>
  <testcase name="Ver detalles de una clase programada" classname="Visualización de información de clases" time="14.856"/>
  <system-out><![CDATA[    ?[32mDado ?[0m?[32mque el usuario ingresa al calendario?[0m          ?[90m# hu1StepDefinitions.queElUsuarioIngresaAlCalendario()?[0m
    ?[32mCuando ?[0m?[32mel usuario diligencia los campos requeridos?[0m ?[90m# hu1StepDefinitions.elUsuarioDiligenciaLosCamposRequeridos(ClassesData>)?[0m

  @flujo
  Escenario: Ver detalles de una clase programada                   ?[90m# src/test/resources/features/hu13.feature:15?[0m
    ?[32mCuando ?[0m?[32mel usuario selecciona una fecha con una clase programada?[0m ?[90m# hu4StepDefinitions.elUsuarioSeleccionaUnaFechaConUnaClaseProgramada()?[0m
    ?[32mEntonces ?[0m?[32mse visualizan las clases programadas de esa fecha?[0m      ?[90m# hu4StepDefinitions.seVisualizanLasClasesProgramadasDeEsaFecha()?[0m
]]></system-out>
  <system-err><![CDATA[jun. 09, 2025 5:24:51 P. M. org.openqa.selenium.remote.DesiredCapabilities chrome
INFO: Using `new ChromeOptions()` is preferred to `DesiredCapabilities.chrome()`
[Test worker] INFO net.serenitybdd.core.webdriver.driverproviders.ProvideNewDriver - Instantiating driver
[Test worker] INFO net.serenitybdd.core.webdriver.driverproviders.ProvideNewDriver - Driver capabilities: Capabilities {acceptInsecureCerts: false, browserName: chrome, goog:chromeOptions: {args: [], extensions: [], prefs: {behavior: allow}}, loggingPrefs: org.openqa.selenium.logging..., name: proyecto, platform: ANY, unhandledPromptBehavior: ignore, version: }
Starting ChromeDriver 136.0.7103.94 (fa0be0b33debeb378a8e6ad9c599be34e2dc3b37-refs/branch-heads/7103@{#1842}) on port 24945
Only local connections are allowed.
Please see https://chromedriver.chromium.org/security-considerations for suggestions on keeping ChromeDriver safe.
ChromeDriver was started successfully on port 24945.
[1749507893.983][WARNING]: This version of ChromeDriver has not been tested with Chrome version 137.
jun. 09, 2025 5:24:54 P. M. org.openqa.selenium.remote.ProtocolHandshake createSession
INFO: Detected dialect: W3C
[Test worker] INFO net.thucydides.core.steps.ConsoleLoggingListener - 
        __    _____ _____ ____ _____   ____   _    ____  ____  _____ ____  
  _     \ \  |_   _| ____/ ___|_   _| |  _ \ / \  / ___|/ ___|| ____|  _ \ 
 (_)_____| |   | | |  _| \___ \ | |   | |_) / _ \ \___ \\___ \|  _| | | | |
  _|_____| |   | | | |___ ___) || |   |  __/ ___ \ ___) |___) | |___| |_| |
 (_)     | |   |_| |_____|____/ |_|   |_| /_/   \_\____/|____/|_____|____/ 
        /_/                                                                

TEST PASSED: Ver detalles de una clase programada
----------------------------------------------------------------------------
]]></system-err>
</testsuite>
